<?xml version="1.0" encoding="UTF-8"?>
<testng-results skipped="0" failed="0" total="1" passed="1">
  <reporter-output>
  </reporter-output>
  <suite name="Default suite" duration-ms="25236" started-at="2015-12-22T10:05:06Z" finished-at="2015-12-22T10:05:32Z">
    <groups>
    </groups>
    <test name="Default test" duration-ms="25236" started-at="2015-12-22T10:05:06Z" finished-at="2015-12-22T10:05:32Z">
      <class name="NodeDemo">
        <test-method status="PASS" signature="testOnLinux()[pri:0, instance:NodeDemo@721e0f4f]" name="testOnLinux" duration-ms="25207" started-at="2015-12-22T15:35:06Z" finished-at="2015-12-22T15:35:32Z">
          <reporter-output>
          </reporter-output>
        </test-method> <!-- testOnLinux -->
      </class> <!-- NodeDemo -->
    </test> <!-- Default test -->
  </suite> <!-- Default suite -->
</testng-results>
